<?xml version="1.0" encoding="UTF-8"?>
<testng-results skipped="0" failed="0" ignored="0" total="1" passed="1">
  <reporter-output>
  </reporter-output>
  <suite name="Default suite" duration-ms="20493" started-at="2020-08-23T01:25:44 IST" finished-at="2020-08-23T01:26:04 IST">
    <groups>
    </groups>
    <test name="Default test" duration-ms="20493" started-at="2020-08-23T01:25:44 IST" finished-at="2020-08-23T01:26:04 IST">
      <class name="tests.ShoppingTestPage">
        <test-method status="PASS" signature="initializeBrowser()[pri:0, instance:tests.ShoppingTestPage@57e1b0c]" name="initializeBrowser" is-config="true" duration-ms="9090" started-at="2020-08-23T01:25:44 IST" finished-at="2020-08-23T01:25:53 IST">
          <reporter-output>
          </reporter-output>
        </test-method> <!-- initializeBrowser -->
        <test-method status="PASS" signature="shoppingTest()[pri:0, instance:tests.ShoppingTestPage@57e1b0c]" name="shoppingTest" duration-ms="11347" started-at="2020-08-23T01:25:53 IST" finished-at="2020-08-23T01:26:04 IST">
          <reporter-output>
          </reporter-output>
        </test-method> <!-- shoppingTest -->
      </class> <!-- tests.ShoppingTestPage -->
    </test> <!-- Default test -->
  </suite> <!-- Default suite -->
</testng-results>
